2011/04/15 10:03:52 [error] [php] Trying to get property of non-object (/home/ata/Project/kkn/framework/base/CComponent.php(616) : eval()'d code:1)
Stack trace:
#0 /home/ata/Project/kkn/framework/zii/widgets/grid/CGridColumn.php(135): CDataColumn->renderDataCellContent()
#1 /home/ata/Project/kkn/framework/zii/widgets/grid/CGridView.php(501): CDataColumn->renderDataCell()
#2 /home/ata/Project/kkn/framework/zii/widgets/grid/CGridView.php(474): CGridView->renderTableRow()
#3 /home/ata/Project/kkn/framework/zii/widgets/grid/CGridView.php(386): CGridView->renderTableBody()
#4 /home/ata/Project/kkn/framework/zii/widgets/CBaseListView.php(158): CGridView->renderItems()
#5 unknown(0): CGridView->renderSection()
#6 /home/ata/Project/kkn/framework/zii/widgets/CBaseListView.php(141): preg_replace_callback()
#7 /home/ata/Project/kkn/framework/zii/widgets/CBaseListView.php(126): CGridView->renderContent()
#8 /home/ata/Project/kkn/framework/web/CBaseController.php(166): CGridView->run()
#9 /home/ata/Project/kkn/protected/views/dashboard/kelompok/index.php(46): KelompokController->widget()
#10 /home/ata/Project/kkn/framework/web/CBaseController.php(119): require()
#11 /home/ata/Project/kkn/framework/web/CBaseController.php(88): KelompokController->renderInternal()
#12 /home/ata/Project/kkn/framework/web/CController.php(866): KelompokController->renderFile()
#13 /home/ata/Project/kkn/framework/web/CController.php(779): KelompokController->renderPartial()
#14 /home/ata/Project/kkn/protected/controllers/dashboard/KelompokController.php(45): KelompokController->render()
#15 /home/ata/Project/kkn/framework/web/actions/CInlineAction.php(50): KelompokController->actionIndex()
#16 /home/ata/Project/kkn/framework/web/CController.php(300): CInlineAction->runWithParams()
#17 /home/ata/Project/kkn/framework/web/filters/CFilterChain.php(133): KelompokController->runAction()
#18 /home/ata/Project/kkn/framework/web/filters/CFilter.php(41): CFilterChain->run()
#19 /home/ata/Project/kkn/framework/web/CController.php(1122): CAccessControlFilter->filter()
#20 /home/ata/Project/kkn/framework/web/filters/CInlineFilter.php(59): KelompokController->filterAccessControl()
#21 /home/ata/Project/kkn/framework/web/filters/CFilterChain.php(130): CInlineFilter->filter()
#22 /home/ata/Project/kkn/framework/web/CController.php(283): CFilterChain->run()
#23 /home/ata/Project/kkn/framework/web/CController.php(257): KelompokController->runActionWithFilters()
#24 /home/ata/Project/kkn/framework/web/CWebApplication.php(328): KelompokController->run()
#25 /home/ata/Project/kkn/framework/web/CWebApplication.php(121): CWebApplication->runController()
#26 /home/ata/Project/kkn/framework/base/CApplication.php(155): CWebApplication->processRequest()
#27 /home/ata/Project/kkn/index-dev.php(13): CWebApplication->run()
REQUEST_URI=/kkn/index-dev.php?r=dashboard/kelompok/index
in /home/ata/Project/kkn/protected/views/dashboard/kelompok/index.php (46)
in /home/ata/Project/kkn/protected/controllers/dashboard/KelompokController.php (45)
in /home/ata/Project/kkn/index-dev.php (13)
2011/04/15 10:03:52 [error] [php] Trying to get property of non-object (/home/ata/Project/kkn/framework/base/CComponent.php(616) : eval()'d code:1)
Stack trace:
#0 /home/ata/Project/kkn/framework/zii/widgets/grid/CGridColumn.php(135): CDataColumn->renderDataCellContent()
#1 /home/ata/Project/kkn/framework/zii/widgets/grid/CGridView.php(501): CDataColumn->renderDataCell()
#2 /home/ata/Project/kkn/framework/zii/widgets/grid/CGridView.php(474): CGridView->renderTableRow()
#3 /home/ata/Project/kkn/framework/zii/widgets/grid/CGridView.php(386): CGridView->renderTableBody()
#4 /home/ata/Project/kkn/framework/zii/widgets/CBaseListView.php(158): CGridView->renderItems()
#5 unknown(0): CGridView->renderSection()
#6 /home/ata/Project/kkn/framework/zii/widgets/CBaseListView.php(141): preg_replace_callback()
#7 /home/ata/Project/kkn/framework/zii/widgets/CBaseListView.php(126): CGridView->renderContent()
#8 /home/ata/Project/kkn/framework/web/CBaseController.php(166): CGridView->run()
#9 /home/ata/Project/kkn/protected/views/dashboard/kelompok/index.php(46): KelompokController->widget()
#10 /home/ata/Project/kkn/framework/web/CBaseController.php(119): require()
#11 /home/ata/Project/kkn/framework/web/CBaseController.php(88): KelompokController->renderInternal()
#12 /home/ata/Project/kkn/framework/web/CController.php(866): KelompokController->renderFile()
#13 /home/ata/Project/kkn/framework/web/CController.php(779): KelompokController->renderPartial()
#14 /home/ata/Project/kkn/protected/controllers/dashboard/KelompokController.php(45): KelompokController->render()
#15 /home/ata/Project/kkn/framework/web/actions/CInlineAction.php(50): KelompokController->actionIndex()
#16 /home/ata/Project/kkn/framework/web/CController.php(300): CInlineAction->runWithParams()
#17 /home/ata/Project/kkn/framework/web/filters/CFilterChain.php(133): KelompokController->runAction()
#18 /home/ata/Project/kkn/framework/web/filters/CFilter.php(41): CFilterChain->run()
#19 /home/ata/Project/kkn/framework/web/CController.php(1122): CAccessControlFilter->filter()
#20 /home/ata/Project/kkn/framework/web/filters/CInlineFilter.php(59): KelompokController->filterAccessControl()
#21 /home/ata/Project/kkn/framework/web/filters/CFilterChain.php(130): CInlineFilter->filter()
#22 /home/ata/Project/kkn/framework/web/CController.php(283): CFilterChain->run()
#23 /home/ata/Project/kkn/framework/web/CController.php(257): KelompokController->runActionWithFilters()
#24 /home/ata/Project/kkn/framework/web/CWebApplication.php(328): KelompokController->run()
#25 /home/ata/Project/kkn/framework/web/CWebApplication.php(121): CWebApplication->runController()
#26 /home/ata/Project/kkn/framework/base/CApplication.php(155): CWebApplication->processRequest()
#27 /home/ata/Project/kkn/index-dev.php(13): CWebApplication->run()
REQUEST_URI=/kkn/index-dev.php?r=dashboard/kelompok/index
in /home/ata/Project/kkn/protected/views/dashboard/kelompok/index.php (46)
in /home/ata/Project/kkn/protected/controllers/dashboard/KelompokController.php (45)
in /home/ata/Project/kkn/index-dev.php (13)
2011/04/15 10:06:04 [error] [php] Trying to get property of non-object (/home/ata/Project/kkn/protected/views/dashboard/kelompok/view.php:13)
Stack trace:
#0 /home/ata/Project/kkn/framework/web/CController.php(866): KelompokController->renderFile()
#1 /home/ata/Project/kkn/framework/web/CController.php(779): KelompokController->renderPartial()
#2 /home/ata/Project/kkn/protected/controllers/dashboard/KelompokController.php(64): KelompokController->render()
#3 /home/ata/Project/kkn/framework/web/actions/CInlineAction.php(50): KelompokController->actionView()
#4 /home/ata/Project/kkn/framework/web/CController.php(300): CInlineAction->runWithParams()
#5 /home/ata/Project/kkn/framework/web/filters/CFilterChain.php(133): KelompokController->runAction()
#6 /home/ata/Project/kkn/framework/web/filters/CFilter.php(41): CFilterChain->run()
#7 /home/ata/Project/kkn/framework/web/CController.php(1122): CAccessControlFilter->filter()
#8 /home/ata/Project/kkn/framework/web/filters/CInlineFilter.php(59): KelompokController->filterAccessControl()
#9 /home/ata/Project/kkn/framework/web/filters/CFilterChain.php(130): CInlineFilter->filter()
#10 /home/ata/Project/kkn/framework/web/CController.php(283): CFilterChain->run()
#11 /home/ata/Project/kkn/framework/web/CController.php(257): KelompokController->runActionWithFilters()
#12 /home/ata/Project/kkn/framework/web/CWebApplication.php(328): KelompokController->run()
#13 /home/ata/Project/kkn/framework/web/CWebApplication.php(121): CWebApplication->runController()
#14 /home/ata/Project/kkn/framework/base/CApplication.php(155): CWebApplication->processRequest()
#15 /home/ata/Project/kkn/index-dev.php(13): CWebApplication->run()
REQUEST_URI=/kkn/index-dev.php?r=dashboard/kelompok/view&id=2
in /home/ata/Project/kkn/protected/views/dashboard/kelompok/view.php (13)
in /home/ata/Project/kkn/protected/controllers/dashboard/KelompokController.php (64)
in /home/ata/Project/kkn/index-dev.php (13)
2011/04/15 10:06:04 [error] [php] Trying to get property of non-object (/home/ata/Project/kkn/protected/views/dashboard/kelompok/view.php:13)
Stack trace:
#0 /home/ata/Project/kkn/framework/web/CController.php(866): KelompokController->renderFile()
#1 /home/ata/Project/kkn/framework/web/CController.php(779): KelompokController->renderPartial()
#2 /home/ata/Project/kkn/protected/controllers/dashboard/KelompokController.php(64): KelompokController->render()
#3 /home/ata/Project/kkn/framework/web/actions/CInlineAction.php(50): KelompokController->actionView()
#4 /home/ata/Project/kkn/framework/web/CController.php(300): CInlineAction->runWithParams()
#5 /home/ata/Project/kkn/framework/web/filters/CFilterChain.php(133): KelompokController->runAction()
#6 /home/ata/Project/kkn/framework/web/filters/CFilter.php(41): CFilterChain->run()
#7 /home/ata/Project/kkn/framework/web/CController.php(1122): CAccessControlFilter->filter()
#8 /home/ata/Project/kkn/framework/web/filters/CInlineFilter.php(59): KelompokController->filterAccessControl()
#9 /home/ata/Project/kkn/framework/web/filters/CFilterChain.php(130): CInlineFilter->filter()
#10 /home/ata/Project/kkn/framework/web/CController.php(283): CFilterChain->run()
#11 /home/ata/Project/kkn/framework/web/CController.php(257): KelompokController->runActionWithFilters()
#12 /home/ata/Project/kkn/framework/web/CWebApplication.php(328): KelompokController->run()
#13 /home/ata/Project/kkn/framework/web/CWebApplication.php(121): CWebApplication->runController()
#14 /home/ata/Project/kkn/framework/base/CApplication.php(155): CWebApplication->processRequest()
#15 /home/ata/Project/kkn/index-dev.php(13): CWebApplication->run()
REQUEST_URI=/kkn/index-dev.php?r=dashboard/kelompok/view&id=2
in /home/ata/Project/kkn/protected/views/dashboard/kelompok/view.php (13)
in /home/ata/Project/kkn/protected/controllers/dashboard/KelompokController.php (64)
in /home/ata/Project/kkn/index-dev.php (13)
2011/04/15 10:06:20 [error] [php] Trying to get property of non-object (/home/ata/Project/kkn/protected/views/dashboard/kelompok/view.php:13)
Stack trace:
#0 /home/ata/Project/kkn/framework/web/CController.php(866): KelompokController->renderFile()
#1 /home/ata/Project/kkn/framework/web/CController.php(779): KelompokController->renderPartial()
#2 /home/ata/Project/kkn/protected/controllers/dashboard/KelompokController.php(64): KelompokController->render()
#3 /home/ata/Project/kkn/framework/web/actions/CInlineAction.php(50): KelompokController->actionView()
#4 /home/ata/Project/kkn/framework/web/CController.php(300): CInlineAction->runWithParams()
#5 /home/ata/Project/kkn/framework/web/filters/CFilterChain.php(133): KelompokController->runAction()
#6 /home/ata/Project/kkn/framework/web/filters/CFilter.php(41): CFilterChain->run()
#7 /home/ata/Project/kkn/framework/web/CController.php(1122): CAccessControlFilter->filter()
#8 /home/ata/Project/kkn/framework/web/filters/CInlineFilter.php(59): KelompokController->filterAccessControl()
#9 /home/ata/Project/kkn/framework/web/filters/CFilterChain.php(130): CInlineFilter->filter()
#10 /home/ata/Project/kkn/framework/web/CController.php(283): CFilterChain->run()
#11 /home/ata/Project/kkn/framework/web/CController.php(257): KelompokController->runActionWithFilters()
#12 /home/ata/Project/kkn/framework/web/CWebApplication.php(328): KelompokController->run()
#13 /home/ata/Project/kkn/framework/web/CWebApplication.php(121): CWebApplication->runController()
#14 /home/ata/Project/kkn/framework/base/CApplication.php(155): CWebApplication->processRequest()
#15 /home/ata/Project/kkn/index-dev.php(13): CWebApplication->run()
REQUEST_URI=/kkn/index-dev.php?r=dashboard/kelompok/view&id=2
in /home/ata/Project/kkn/protected/views/dashboard/kelompok/view.php (13)
in /home/ata/Project/kkn/protected/controllers/dashboard/KelompokController.php (64)
in /home/ata/Project/kkn/index-dev.php (13)
2011/04/15 10:06:20 [error] [php] Trying to get property of non-object (/home/ata/Project/kkn/protected/views/dashboard/kelompok/view.php:13)
Stack trace:
#0 /home/ata/Project/kkn/framework/web/CController.php(866): KelompokController->renderFile()
#1 /home/ata/Project/kkn/framework/web/CController.php(779): KelompokController->renderPartial()
#2 /home/ata/Project/kkn/protected/controllers/dashboard/KelompokController.php(64): KelompokController->render()
#3 /home/ata/Project/kkn/framework/web/actions/CInlineAction.php(50): KelompokController->actionView()
#4 /home/ata/Project/kkn/framework/web/CController.php(300): CInlineAction->runWithParams()
#5 /home/ata/Project/kkn/framework/web/filters/CFilterChain.php(133): KelompokController->runAction()
#6 /home/ata/Project/kkn/framework/web/filters/CFilter.php(41): CFilterChain->run()
#7 /home/ata/Project/kkn/framework/web/CController.php(1122): CAccessControlFilter->filter()
#8 /home/ata/Project/kkn/framework/web/filters/CInlineFilter.php(59): KelompokController->filterAccessControl()
#9 /home/ata/Project/kkn/framework/web/filters/CFilterChain.php(130): CInlineFilter->filter()
#10 /home/ata/Project/kkn/framework/web/CController.php(283): CFilterChain->run()
#11 /home/ata/Project/kkn/framework/web/CController.php(257): KelompokController->runActionWithFilters()
#12 /home/ata/Project/kkn/framework/web/CWebApplication.php(328): KelompokController->run()
#13 /home/ata/Project/kkn/framework/web/CWebApplication.php(121): CWebApplication->runController()
#14 /home/ata/Project/kkn/framework/base/CApplication.php(155): CWebApplication->processRequest()
#15 /home/ata/Project/kkn/index-dev.php(13): CWebApplication->run()
REQUEST_URI=/kkn/index-dev.php?r=dashboard/kelompok/view&id=2
in /home/ata/Project/kkn/protected/views/dashboard/kelompok/view.php (13)
in /home/ata/Project/kkn/protected/controllers/dashboard/KelompokController.php (64)
in /home/ata/Project/kkn/index-dev.php (13)
2011/04/15 10:58:12 [error] [system.db.CDbCommand] CDbCommand::fetchColumn() gagal: SQLSTATE[HY093]: Invalid parameter number: number of bound variables does not match number of tokens. Statement SQL yang dijalankan adalah: SELECT COUNT(DISTINCT `t`.`id`) FROM `kelompok` `t`  LEFT OUTER JOIN `kabupaten` `kabupaten` ON (`t`.`kabupatenId`=`kabupaten`.`id`)  LEFT OUTER JOIN `kecamatan` `kecamatan` ON (`t`.`kecamatanId`=`kecamatan`.`id`)  LEFT OUTER JOIN `program_kkn` `programKkn` ON (`t`.`programKknId`=`programKkn`.`id`)  LEFT OUTER JOIN `prioritas` `prioritas` ON (`prioritas`.`programKknId`=`programKkn`.`id`)  WHERE (((t.jumlahPerempuan < :jkmax) AND (t.id NOT IN (1,2,3))) AND (t.jumlahAnggota < :jmaxAnggota)).
in /home/ata/Project/kkn/protected/views/dashboard/kelompok/index.php (46)
in /home/ata/Project/kkn/protected/controllers/dashboard/KelompokController.php (45)
in /home/ata/Project/kkn/index-dev.php (13)
2011/04/15 10:58:12 [error] [exception.CDbException] exception 'CDbException' with message 'CDbCommand gagal menjalankan statementSQL: SQLSTATE[HY093]: Invalid parameter number: number of bound variables does not match number of tokens. The SQL statement executed was: SELECT COUNT(DISTINCT `t`.`id`) FROM `kelompok` `t`  LEFT OUTER JOIN `kabupaten` `kabupaten` ON (`t`.`kabupatenId`=`kabupaten`.`id`)  LEFT OUTER JOIN `kecamatan` `kecamatan` ON (`t`.`kecamatanId`=`kecamatan`.`id`)  LEFT OUTER JOIN `program_kkn` `programKkn` ON (`t`.`programKknId`=`programKkn`.`id`)  LEFT OUTER JOIN `prioritas` `prioritas` ON (`prioritas`.`programKknId`=`programKkn`.`id`)  WHERE (((t.jumlahPerempuan < :jkmax) AND (t.id NOT IN (1,2,3))) AND (t.jumlahAnggota < :jmaxAnggota))' in /home/ata/Project/kkn/framework/db/CDbCommand.php:518
Stack trace:
#0 /home/ata/Project/kkn/framework/db/CDbCommand.php(413): CDbCommand->queryInternal('fetchColumn', 0, Array)
#1 /home/ata/Project/kkn/framework/db/ar/CActiveFinder.php(759): CDbCommand->queryScalar()
#2 /home/ata/Project/kkn/framework/db/ar/CActiveFinder.php(154): CJoinElement->count(Object(CDbCriteria))
#3 /home/ata/Project/kkn/framework/db/ar/CActiveRecord.php(1514): CActiveFinder->count(Object(CDbCriteria))
#4 /home/ata/Project/kkn/framework/web/CActiveDataProvider.php(165): CActiveRecord->count(Object(CDbCriteria))
#5 /home/ata/Project/kkn/framework/web/CDataProvider.php(184): CActiveDataProvider->calculateTotalItemCount()
#6 /home/ata/Project/kkn/framework/web/CActiveDataProvider.php(126): CDataProvider->getTotalItemCount()
#7 /home/ata/Project/kkn/framework/web/CDataProvider.php(128): CActiveDataProvider->fetchData()
#8 /home/ata/Project/kkn/framework/zii/widgets/CBaseListView.php(105): CDataProvider->getData()
#9 /home/ata/Project/kkn/framework/zii/widgets/grid/CGridView.php(258): CBaseListView->init()
#10 /home/ata/Project/kkn/framework/web/CBaseController.php(140): CGridView->init()
#11 /home/ata/Project/kkn/framework/web/CBaseController.php(165): CBaseController->createWidget('zii.widgets.gri...', Array)
#12 /home/ata/Project/kkn/protected/views/dashboard/kelompok/index.php(46): CBaseController->widget('zii.widgets.gri...', Array)
#13 /home/ata/Project/kkn/framework/web/CBaseController.php(119): require('/home/ata/Proje...')
#14 /home/ata/Project/kkn/framework/web/CBaseController.php(88): CBaseController->renderInternal('/home/ata/Proje...', Array, true)
#15 /home/ata/Project/kkn/framework/web/CController.php(866): CBaseController->renderFile('/home/ata/Proje...', Array, true)
#16 /home/ata/Project/kkn/framework/web/CController.php(779): CController->renderPartial('index', Array, true)
#17 /home/ata/Project/kkn/protected/controllers/dashboard/KelompokController.php(45): CController->render('index', Array)
#18 /home/ata/Project/kkn/framework/web/actions/CInlineAction.php(50): KelompokController->actionIndex()
#19 /home/ata/Project/kkn/framework/web/CController.php(300): CInlineAction->runWithParams(Array)
#20 /home/ata/Project/kkn/framework/web/filters/CFilterChain.php(133): CController->runAction(Object(CInlineAction))
#21 /home/ata/Project/kkn/framework/web/filters/CFilter.php(41): CFilterChain->run()
#22 /home/ata/Project/kkn/framework/web/CController.php(1122): CFilter->filter(Object(CFilterChain))
#23 /home/ata/Project/kkn/framework/web/filters/CInlineFilter.php(59): CController->filterAccessControl(Object(CFilterChain))
#24 /home/ata/Project/kkn/framework/web/filters/CFilterChain.php(130): CInlineFilter->filter(Object(CFilterChain))
#25 /home/ata/Project/kkn/framework/web/CController.php(283): CFilterChain->run()
#26 /home/ata/Project/kkn/framework/web/CController.php(257): CController->runActionWithFilters(Object(CInlineAction), Array)
#27 /home/ata/Project/kkn/framework/web/CWebApplication.php(328): CController->run('index')
#28 /home/ata/Project/kkn/framework/web/CWebApplication.php(121): CWebApplication->runController('dashboard/kelom...')
#29 /home/ata/Project/kkn/framework/base/CApplication.php(155): CWebApplication->processRequest()
#30 /home/ata/Project/kkn/index-dev.php(13): CApplication->run()
#31 {main} REQUEST_URI=/kkn/index-dev.php?r=dashboard/kelompok/index
2011/04/15 10:58:12 [error] [system.db.CDbCommand] CDbCommand::fetchColumn() gagal: SQLSTATE[HY093]: Invalid parameter number: number of bound variables does not match number of tokens. Statement SQL yang dijalankan adalah: SELECT COUNT(DISTINCT `t`.`id`) FROM `kelompok` `t`  LEFT OUTER JOIN `kabupaten` `kabupaten` ON (`t`.`kabupatenId`=`kabupaten`.`id`)  LEFT OUTER JOIN `kecamatan` `kecamatan` ON (`t`.`kecamatanId`=`kecamatan`.`id`)  LEFT OUTER JOIN `program_kkn` `programKkn` ON (`t`.`programKknId`=`programKkn`.`id`)  LEFT OUTER JOIN `prioritas` `prioritas` ON (`prioritas`.`programKknId`=`programKkn`.`id`)  WHERE (((t.jumlahPerempuan < :jkmax) AND (t.id NOT IN (1,2,3))) AND (t.jumlahAnggota < :jmaxAnggota)).
in /home/ata/Project/kkn/protected/views/dashboard/kelompok/index.php (46)
in /home/ata/Project/kkn/protected/controllers/dashboard/KelompokController.php (45)
in /home/ata/Project/kkn/index-dev.php (13)
2011/04/15 10:58:12 [error] [exception.CDbException] exception 'CDbException' with message 'CDbCommand gagal menjalankan statementSQL: SQLSTATE[HY093]: Invalid parameter number: number of bound variables does not match number of tokens. The SQL statement executed was: SELECT COUNT(DISTINCT `t`.`id`) FROM `kelompok` `t`  LEFT OUTER JOIN `kabupaten` `kabupaten` ON (`t`.`kabupatenId`=`kabupaten`.`id`)  LEFT OUTER JOIN `kecamatan` `kecamatan` ON (`t`.`kecamatanId`=`kecamatan`.`id`)  LEFT OUTER JOIN `program_kkn` `programKkn` ON (`t`.`programKknId`=`programKkn`.`id`)  LEFT OUTER JOIN `prioritas` `prioritas` ON (`prioritas`.`programKknId`=`programKkn`.`id`)  WHERE (((t.jumlahPerempuan < :jkmax) AND (t.id NOT IN (1,2,3))) AND (t.jumlahAnggota < :jmaxAnggota))' in /home/ata/Project/kkn/framework/db/CDbCommand.php:518
Stack trace:
#0 /home/ata/Project/kkn/framework/db/CDbCommand.php(413): CDbCommand->queryInternal('fetchColumn', 0, Array)
#1 /home/ata/Project/kkn/framework/db/ar/CActiveFinder.php(759): CDbCommand->queryScalar()
#2 /home/ata/Project/kkn/framework/db/ar/CActiveFinder.php(154): CJoinElement->count(Object(CDbCriteria))
#3 /home/ata/Project/kkn/framework/db/ar/CActiveRecord.php(1514): CActiveFinder->count(Object(CDbCriteria))
#4 /home/ata/Project/kkn/framework/web/CActiveDataProvider.php(165): CActiveRecord->count(Object(CDbCriteria))
#5 /home/ata/Project/kkn/framework/web/CDataProvider.php(184): CActiveDataProvider->calculateTotalItemCount()
#6 /home/ata/Project/kkn/framework/web/CActiveDataProvider.php(126): CDataProvider->getTotalItemCount()
#7 /home/ata/Project/kkn/framework/web/CDataProvider.php(128): CActiveDataProvider->fetchData()
#8 /home/ata/Project/kkn/framework/zii/widgets/CBaseListView.php(105): CDataProvider->getData()
#9 /home/ata/Project/kkn/framework/zii/widgets/grid/CGridView.php(258): CBaseListView->init()
#10 /home/ata/Project/kkn/framework/web/CBaseController.php(140): CGridView->init()
#11 /home/ata/Project/kkn/framework/web/CBaseController.php(165): CBaseController->createWidget('zii.widgets.gri...', Array)
#12 /home/ata/Project/kkn/protected/views/dashboard/kelompok/index.php(46): CBaseController->widget('zii.widgets.gri...', Array)
#13 /home/ata/Project/kkn/framework/web/CBaseController.php(119): require('/home/ata/Proje...')
#14 /home/ata/Project/kkn/framework/web/CBaseController.php(88): CBaseController->renderInternal('/home/ata/Proje...', Array, true)
#15 /home/ata/Project/kkn/framework/web/CController.php(866): CBaseController->renderFile('/home/ata/Proje...', Array, true)
#16 /home/ata/Project/kkn/framework/web/CController.php(779): CController->renderPartial('index', Array, true)
#17 /home/ata/Project/kkn/protected/controllers/dashboard/KelompokController.php(45): CController->render('index', Array)
#18 /home/ata/Project/kkn/framework/web/actions/CInlineAction.php(50): KelompokController->actionIndex()
#19 /home/ata/Project/kkn/framework/web/CController.php(300): CInlineAction->runWithParams(Array)
#20 /home/ata/Project/kkn/framework/web/filters/CFilterChain.php(133): CController->runAction(Object(CInlineAction))
#21 /home/ata/Project/kkn/framework/web/filters/CFilter.php(41): CFilterChain->run()
#22 /home/ata/Project/kkn/framework/web/CController.php(1122): CFilter->filter(Object(CFilterChain))
#23 /home/ata/Project/kkn/framework/web/filters/CInlineFilter.php(59): CController->filterAccessControl(Object(CFilterChain))
#24 /home/ata/Project/kkn/framework/web/filters/CFilterChain.php(130): CInlineFilter->filter(Object(CFilterChain))
#25 /home/ata/Project/kkn/framework/web/CController.php(283): CFilterChain->run()
#26 /home/ata/Project/kkn/framework/web/CController.php(257): CController->runActionWithFilters(Object(CInlineAction), Array)
#27 /home/ata/Project/kkn/framework/web/CWebApplication.php(328): CController->run('index')
#28 /home/ata/Project/kkn/framework/web/CWebApplication.php(121): CWebApplication->runController('dashboard/kelom...')
#29 /home/ata/Project/kkn/framework/base/CApplication.php(155): CWebApplication->processRequest()
#30 /home/ata/Project/kkn/index-dev.php(13): CApplication->run()
#31 {main} REQUEST_URI=/kkn/index-dev.php?r=dashboard/kelompok/index
2011/04/15 11:02:32 [error] [exception.CDbException] SQLSTATE[28000] [1045] Access denied for user 'kkn'@'localhost' (using password: YES)
2011/04/15 11:02:32 [error] [exception.CDbException] exception 'CDbException' with message 'CDbConnection gagal membuka koneksi DB' in /home/ata/Project/kkn/framework/db/CDbConnection.php:354
Stack trace:
#0 /home/ata/Project/kkn/framework/db/CDbConnection.php(297): CDbConnection->open()
#1 /home/ata/Project/kkn/framework/db/CDbConnection.php(275): CDbConnection->setActive(true)
#2 /home/ata/Project/kkn/framework/base/CModule.php(372): CDbConnection->init()
#3 /home/ata/Project/kkn/framework/base/CApplication.php(426): CModule->getComponent('db')
#4 /home/ata/Project/kkn/framework/db/ar/CActiveRecord.php(607): CApplication->getDb()
#5 /home/ata/Project/kkn/framework/db/ar/CActiveRecord.php(2236): CActiveRecord->getDbConnection()
#6 /home/ata/Project/kkn/framework/db/ar/CActiveRecord.php(371): CActiveRecordMetaData->__construct(Object(Berita))
#7 /home/ata/Project/kkn/framework/web/CActiveDataProvider.php(72): CActiveRecord::model('Berita')
#8 /home/ata/Project/kkn/protected/controllers/HomeController.php(9): CActiveDataProvider->__construct('Berita')
#9 /home/ata/Project/kkn/framework/web/actions/CInlineAction.php(50): HomeController->actionIndex()
#10 /home/ata/Project/kkn/framework/web/CController.php(300): CInlineAction->runWithParams(Array)
#11 /home/ata/Project/kkn/framework/web/CController.php(278): CController->runAction(Object(CInlineAction))
#12 /home/ata/Project/kkn/framework/web/CController.php(257): CController->runActionWithFilters(Object(CInlineAction), Array)
#13 /home/ata/Project/kkn/framework/web/CWebApplication.php(328): CController->run('')
#14 /home/ata/Project/kkn/framework/web/CWebApplication.php(121): CWebApplication->runController('')
#15 /home/ata/Project/kkn/framework/base/CApplication.php(155): CWebApplication->processRequest()
#16 /home/ata/Project/kkn/index.php(13): CApplication->run()
#17 {main} REQUEST_URI=/kkn/css/loading.gif
2011/04/15 11:04:23 [error] [system.db.CDbCommand] CDbCommand::fetchColumn() gagal: SQLSTATE[42000]: Syntax error or access violation: 1064 You have an error in your SQL syntax; check the manual that corresponds to your MySQL server version for the right syntax to use near 'WHERE kelompokId IS NOT NULL))) AND (t.jumlahAnggota < '319'))' at line 1. Statement SQL yang dijalankan adalah: SELECT COUNT(DISTINCT `t`.`id`) FROM `kelompok` `t`  LEFT OUTER JOIN `kabupaten` `kabupaten` ON (`t`.`kabupatenId`=`kabupaten`.`id`)  LEFT OUTER JOIN `kecamatan` `kecamatan` ON (`t`.`kecamatanId`=`kecamatan`.`id`)  LEFT OUTER JOIN `program_kkn` `programKkn` ON (`t`.`programKknId`=`programKkn`.`id`)  LEFT OUTER JOIN `prioritas` `prioritas` ON (`prioritas`.`programKknId`=`programKkn`.`id`)  WHERE (((t.jumlahPerempuan < :jkmax) AND (t.id NOT IN (SELECT kelompokId FROM mahasiswa WHERE jurusanId = :jurusanId WHERE kelompokId IS NOT NULL))) AND (t.jumlahAnggota < :jmaxAnggota)).
in /home/ata/Project/kkn/protected/views/dashboard/kelompok/index.php (46)
in /home/ata/Project/kkn/protected/controllers/dashboard/KelompokController.php (45)
in /home/ata/Project/kkn/index-dev.php (13)
2011/04/15 11:04:23 [error] [exception.CDbException] exception 'CDbException' with message 'CDbCommand gagal menjalankan statementSQL: SQLSTATE[42000]: Syntax error or access violation: 1064 You have an error in your SQL syntax; check the manual that corresponds to your MySQL server version for the right syntax to use near 'WHERE kelompokId IS NOT NULL))) AND (t.jumlahAnggota < '319'))' at line 1. The SQL statement executed was: SELECT COUNT(DISTINCT `t`.`id`) FROM `kelompok` `t`  LEFT OUTER JOIN `kabupaten` `kabupaten` ON (`t`.`kabupatenId`=`kabupaten`.`id`)  LEFT OUTER JOIN `kecamatan` `kecamatan` ON (`t`.`kecamatanId`=`kecamatan`.`id`)  LEFT OUTER JOIN `program_kkn` `programKkn` ON (`t`.`programKknId`=`programKkn`.`id`)  LEFT OUTER JOIN `prioritas` `prioritas` ON (`prioritas`.`programKknId`=`programKkn`.`id`)  WHERE (((t.jumlahPerempuan < :jkmax) AND (t.id NOT IN (SELECT kelompokId FROM mahasiswa WHERE jurusanId = :jurusanId WHERE kelompokId IS NOT NULL))) AND (t.jumlahAnggota < :jmaxAnggota))' in /home/ata/Project/kkn/framework/db/CDbCommand.php:518
Stack trace:
#0 /home/ata/Project/kkn/framework/db/CDbCommand.php(413): CDbCommand->queryInternal('fetchColumn', 0, Array)
#1 /home/ata/Project/kkn/framework/db/ar/CActiveFinder.php(759): CDbCommand->queryScalar()
#2 /home/ata/Project/kkn/framework/db/ar/CActiveFinder.php(154): CJoinElement->count(Object(CDbCriteria))
#3 /home/ata/Project/kkn/framework/db/ar/CActiveRecord.php(1514): CActiveFinder->count(Object(CDbCriteria))
#4 /home/ata/Project/kkn/framework/web/CActiveDataProvider.php(165): CActiveRecord->count(Object(CDbCriteria))
#5 /home/ata/Project/kkn/framework/web/CDataProvider.php(184): CActiveDataProvider->calculateTotalItemCount()
#6 /home/ata/Project/kkn/framework/web/CActiveDataProvider.php(126): CDataProvider->getTotalItemCount()
#7 /home/ata/Project/kkn/framework/web/CDataProvider.php(128): CActiveDataProvider->fetchData()
#8 /home/ata/Project/kkn/framework/zii/widgets/CBaseListView.php(105): CDataProvider->getData()
#9 /home/ata/Project/kkn/framework/zii/widgets/grid/CGridView.php(258): CBaseListView->init()
#10 /home/ata/Project/kkn/framework/web/CBaseController.php(140): CGridView->init()
#11 /home/ata/Project/kkn/framework/web/CBaseController.php(165): CBaseController->createWidget('zii.widgets.gri...', Array)
#12 /home/ata/Project/kkn/protected/views/dashboard/kelompok/index.php(46): CBaseController->widget('zii.widgets.gri...', Array)
#13 /home/ata/Project/kkn/framework/web/CBaseController.php(119): require('/home/ata/Proje...')
#14 /home/ata/Project/kkn/framework/web/CBaseController.php(88): CBaseController->renderInternal('/home/ata/Proje...', Array, true)
#15 /home/ata/Project/kkn/framework/web/CController.php(866): CBaseController->renderFile('/home/ata/Proje...', Array, true)
#16 /home/ata/Project/kkn/framework/web/CController.php(779): CController->renderPartial('index', Array, true)
#17 /home/ata/Project/kkn/protected/controllers/dashboard/KelompokController.php(45): CController->render('index', Array)
#18 /home/ata/Project/kkn/framework/web/actions/CInlineAction.php(50): KelompokController->actionIndex()
#19 /home/ata/Project/kkn/framework/web/CController.php(300): CInlineAction->runWithParams(Array)
#20 /home/ata/Project/kkn/framework/web/filters/CFilterChain.php(133): CController->runAction(Object(CInlineAction))
#21 /home/ata/Project/kkn/framework/web/filters/CFilter.php(41): CFilterChain->run()
#22 /home/ata/Project/kkn/framework/web/CController.php(1122): CFilter->filter(Object(CFilterChain))
#23 /home/ata/Project/kkn/framework/web/filters/CInlineFilter.php(59): CController->filterAccessControl(Object(CFilterChain))
#24 /home/ata/Project/kkn/framework/web/filters/CFilterChain.php(130): CInlineFilter->filter(Object(CFilterChain))
#25 /home/ata/Project/kkn/framework/web/CController.php(283): CFilterChain->run()
#26 /home/ata/Project/kkn/framework/web/CController.php(257): CController->runActionWithFilters(Object(CInlineAction), Array)
#27 /home/ata/Project/kkn/framework/web/CWebApplication.php(328): CController->run('index')
#28 /home/ata/Project/kkn/framework/web/CWebApplication.php(121): CWebApplication->runController('dashboard/kelom...')
#29 /home/ata/Project/kkn/framework/base/CApplication.php(155): CWebApplication->processRequest()
#30 /home/ata/Project/kkn/index-dev.php(13): CApplication->run()
#31 {main} REQUEST_URI=/kkn/index-dev.php?r=dashboard/kelompok/index
2011/04/15 11:04:23 [error] [system.db.CDbCommand] CDbCommand::fetchColumn() gagal: SQLSTATE[42000]: Syntax error or access violation: 1064 You have an error in your SQL syntax; check the manual that corresponds to your MySQL server version for the right syntax to use near 'WHERE kelompokId IS NOT NULL))) AND (t.jumlahAnggota < '319'))' at line 1. Statement SQL yang dijalankan adalah: SELECT COUNT(DISTINCT `t`.`id`) FROM `kelompok` `t`  LEFT OUTER JOIN `kabupaten` `kabupaten` ON (`t`.`kabupatenId`=`kabupaten`.`id`)  LEFT OUTER JOIN `kecamatan` `kecamatan` ON (`t`.`kecamatanId`=`kecamatan`.`id`)  LEFT OUTER JOIN `program_kkn` `programKkn` ON (`t`.`programKknId`=`programKkn`.`id`)  LEFT OUTER JOIN `prioritas` `prioritas` ON (`prioritas`.`programKknId`=`programKkn`.`id`)  WHERE (((t.jumlahPerempuan < :jkmax) AND (t.id NOT IN (SELECT kelompokId FROM mahasiswa WHERE jurusanId = :jurusanId WHERE kelompokId IS NOT NULL))) AND (t.jumlahAnggota < :jmaxAnggota)).
in /home/ata/Project/kkn/protected/views/dashboard/kelompok/index.php (46)
in /home/ata/Project/kkn/protected/controllers/dashboard/KelompokController.php (45)
in /home/ata/Project/kkn/index-dev.php (13)
2011/04/15 11:04:23 [error] [exception.CDbException] exception 'CDbException' with message 'CDbCommand gagal menjalankan statementSQL: SQLSTATE[42000]: Syntax error or access violation: 1064 You have an error in your SQL syntax; check the manual that corresponds to your MySQL server version for the right syntax to use near 'WHERE kelompokId IS NOT NULL))) AND (t.jumlahAnggota < '319'))' at line 1. The SQL statement executed was: SELECT COUNT(DISTINCT `t`.`id`) FROM `kelompok` `t`  LEFT OUTER JOIN `kabupaten` `kabupaten` ON (`t`.`kabupatenId`=`kabupaten`.`id`)  LEFT OUTER JOIN `kecamatan` `kecamatan` ON (`t`.`kecamatanId`=`kecamatan`.`id`)  LEFT OUTER JOIN `program_kkn` `programKkn` ON (`t`.`programKknId`=`programKkn`.`id`)  LEFT OUTER JOIN `prioritas` `prioritas` ON (`prioritas`.`programKknId`=`programKkn`.`id`)  WHERE (((t.jumlahPerempuan < :jkmax) AND (t.id NOT IN (SELECT kelompokId FROM mahasiswa WHERE jurusanId = :jurusanId WHERE kelompokId IS NOT NULL))) AND (t.jumlahAnggota < :jmaxAnggota))' in /home/ata/Project/kkn/framework/db/CDbCommand.php:518
Stack trace:
#0 /home/ata/Project/kkn/framework/db/CDbCommand.php(413): CDbCommand->queryInternal('fetchColumn', 0, Array)
#1 /home/ata/Project/kkn/framework/db/ar/CActiveFinder.php(759): CDbCommand->queryScalar()
#2 /home/ata/Project/kkn/framework/db/ar/CActiveFinder.php(154): CJoinElement->count(Object(CDbCriteria))
#3 /home/ata/Project/kkn/framework/db/ar/CActiveRecord.php(1514): CActiveFinder->count(Object(CDbCriteria))
#4 /home/ata/Project/kkn/framework/web/CActiveDataProvider.php(165): CActiveRecord->count(Object(CDbCriteria))
#5 /home/ata/Project/kkn/framework/web/CDataProvider.php(184): CActiveDataProvider->calculateTotalItemCount()
#6 /home/ata/Project/kkn/framework/web/CActiveDataProvider.php(126): CDataProvider->getTotalItemCount()
#7 /home/ata/Project/kkn/framework/web/CDataProvider.php(128): CActiveDataProvider->fetchData()
#8 /home/ata/Project/kkn/framework/zii/widgets/CBaseListView.php(105): CDataProvider->getData()
#9 /home/ata/Project/kkn/framework/zii/widgets/grid/CGridView.php(258): CBaseListView->init()
#10 /home/ata/Project/kkn/framework/web/CBaseController.php(140): CGridView->init()
#11 /home/ata/Project/kkn/framework/web/CBaseController.php(165): CBaseController->createWidget('zii.widgets.gri...', Array)
#12 /home/ata/Project/kkn/protected/views/dashboard/kelompok/index.php(46): CBaseController->widget('zii.widgets.gri...', Array)
#13 /home/ata/Project/kkn/framework/web/CBaseController.php(119): require('/home/ata/Proje...')
#14 /home/ata/Project/kkn/framework/web/CBaseController.php(88): CBaseController->renderInternal('/home/ata/Proje...', Array, true)
#15 /home/ata/Project/kkn/framework/web/CController.php(866): CBaseController->renderFile('/home/ata/Proje...', Array, true)
#16 /home/ata/Project/kkn/framework/web/CController.php(779): CController->renderPartial('index', Array, true)
#17 /home/ata/Project/kkn/protected/controllers/dashboard/KelompokController.php(45): CController->render('index', Array)
#18 /home/ata/Project/kkn/framework/web/actions/CInlineAction.php(50): KelompokController->actionIndex()
#19 /home/ata/Project/kkn/framework/web/CController.php(300): CInlineAction->runWithParams(Array)
#20 /home/ata/Project/kkn/framework/web/filters/CFilterChain.php(133): CController->runAction(Object(CInlineAction))
#21 /home/ata/Project/kkn/framework/web/filters/CFilter.php(41): CFilterChain->run()
#22 /home/ata/Project/kkn/framework/web/CController.php(1122): CFilter->filter(Object(CFilterChain))
#23 /home/ata/Project/kkn/framework/web/filters/CInlineFilter.php(59): CController->filterAccessControl(Object(CFilterChain))
#24 /home/ata/Project/kkn/framework/web/filters/CFilterChain.php(130): CInlineFilter->filter(Object(CFilterChain))
#25 /home/ata/Project/kkn/framework/web/CController.php(283): CFilterChain->run()
#26 /home/ata/Project/kkn/framework/web/CController.php(257): CController->runActionWithFilters(Object(CInlineAction), Array)
#27 /home/ata/Project/kkn/framework/web/CWebApplication.php(328): CController->run('index')
#28 /home/ata/Project/kkn/framework/web/CWebApplication.php(121): CWebApplication->runController('dashboard/kelom...')
#29 /home/ata/Project/kkn/framework/base/CApplication.php(155): CWebApplication->processRequest()
#30 /home/ata/Project/kkn/index-dev.php(13): CApplication->run()
#31 {main} REQUEST_URI=/kkn/index-dev.php?r=dashboard/kelompok/index
2011/04/15 11:06:52 [error] [exception.CDbException] SQLSTATE[28000] [1045] Access denied for user 'kkn'@'localhost' (using password: YES)
2011/04/15 11:06:52 [error] [exception.CDbException] exception 'CDbException' with message 'CDbConnection gagal membuka koneksi DB' in /home/ata/Project/kkn/framework/db/CDbConnection.php:354
Stack trace:
#0 /home/ata/Project/kkn/framework/db/CDbConnection.php(297): CDbConnection->open()
#1 /home/ata/Project/kkn/framework/db/CDbConnection.php(275): CDbConnection->setActive(true)
#2 /home/ata/Project/kkn/framework/base/CModule.php(372): CDbConnection->init()
#3 /home/ata/Project/kkn/framework/base/CApplication.php(426): CModule->getComponent('db')
#4 /home/ata/Project/kkn/framework/db/ar/CActiveRecord.php(607): CApplication->getDb()
#5 /home/ata/Project/kkn/framework/db/ar/CActiveRecord.php(2236): CActiveRecord->getDbConnection()
#6 /home/ata/Project/kkn/framework/db/ar/CActiveRecord.php(371): CActiveRecordMetaData->__construct(Object(Berita))
#7 /home/ata/Project/kkn/framework/web/CActiveDataProvider.php(72): CActiveRecord::model('Berita')
#8 /home/ata/Project/kkn/protected/controllers/HomeController.php(9): CActiveDataProvider->__construct('Berita')
#9 /home/ata/Project/kkn/framework/web/actions/CInlineAction.php(50): HomeController->actionIndex()
#10 /home/ata/Project/kkn/framework/web/CController.php(300): CInlineAction->runWithParams(Array)
#11 /home/ata/Project/kkn/framework/web/CController.php(278): CController->runAction(Object(CInlineAction))
#12 /home/ata/Project/kkn/framework/web/CController.php(257): CController->runActionWithFilters(Object(CInlineAction), Array)
#13 /home/ata/Project/kkn/framework/web/CWebApplication.php(328): CController->run('')
#14 /home/ata/Project/kkn/framework/web/CWebApplication.php(121): CWebApplication->runController('')
#15 /home/ata/Project/kkn/framework/base/CApplication.php(155): CWebApplication->processRequest()
#16 /home/ata/Project/kkn/index.php(13): CApplication->run()
#17 {main} REQUEST_URI=/kkn/css/loading.gif
2011/04/15 11:09:37 [error] [php] Undefined variable: data (/home/ata/Project/kkn/protected/models/Kelompok.php:273)
Stack trace:
#0 /home/ata/Project/kkn/framework/base/CComponent.php(616) : eval()'d code(1): Kelompok->__get()
#1 /home/ata/Project/kkn/framework/base/CComponent.php(616): eval()
#2 /home/ata/Project/kkn/framework/zii/widgets/grid/CDataColumn.php(132): CDataColumn->evaluateExpression()
#3 /home/ata/Project/kkn/framework/zii/widgets/grid/CGridColumn.php(135): CDataColumn->renderDataCellContent()
#4 /home/ata/Project/kkn/framework/zii/widgets/grid/CGridView.php(501): CDataColumn->renderDataCell()
#5 /home/ata/Project/kkn/framework/zii/widgets/grid/CGridView.php(474): CGridView->renderTableRow()
#6 /home/ata/Project/kkn/framework/zii/widgets/grid/CGridView.php(386): CGridView->renderTableBody()
#7 /home/ata/Project/kkn/framework/zii/widgets/CBaseListView.php(158): CGridView->renderItems()
#8 unknown(0): CGridView->renderSection()
#9 /home/ata/Project/kkn/framework/zii/widgets/CBaseListView.php(141): preg_replace_callback()
#10 /home/ata/Project/kkn/framework/zii/widgets/CBaseListView.php(126): CGridView->renderContent()
#11 /home/ata/Project/kkn/framework/web/CBaseController.php(166): CGridView->run()
#12 /home/ata/Project/kkn/protected/views/dashboard/kelompok/index.php(45): KelompokController->widget()
#13 /home/ata/Project/kkn/framework/web/CBaseController.php(119): require()
#14 /home/ata/Project/kkn/framework/web/CBaseController.php(88): KelompokController->renderInternal()
#15 /home/ata/Project/kkn/framework/web/CController.php(866): KelompokController->renderFile()
#16 /home/ata/Project/kkn/framework/web/CController.php(779): KelompokController->renderPartial()
#17 /home/ata/Project/kkn/protected/controllers/dashboard/KelompokController.php(45): KelompokController->render()
#18 /home/ata/Project/kkn/framework/web/actions/CInlineAction.php(50): KelompokController->actionIndex()
#19 /home/ata/Project/kkn/framework/web/CController.php(300): CInlineAction->runWithParams()
#20 /home/ata/Project/kkn/framework/web/filters/CFilterChain.php(133): KelompokController->runAction()
#21 /home/ata/Project/kkn/framework/web/filters/CFilter.php(41): CFilterChain->run()
#22 /home/ata/Project/kkn/framework/web/CController.php(1122): CAccessControlFilter->filter()
#23 /home/ata/Project/kkn/framework/web/filters/CInlineFilter.php(59): KelompokController->filterAccessControl()
#24 /home/ata/Project/kkn/framework/web/filters/CFilterChain.php(130): CInlineFilter->filter()
#25 /home/ata/Project/kkn/framework/web/CController.php(283): CFilterChain->run()
#26 /home/ata/Project/kkn/framework/web/CController.php(257): KelompokController->runActionWithFilters()
#27 /home/ata/Project/kkn/framework/web/CWebApplication.php(328): KelompokController->run()
#28 /home/ata/Project/kkn/framework/web/CWebApplication.php(121): CWebApplication->runController()
#29 /home/ata/Project/kkn/framework/base/CApplication.php(155): CWebApplication->processRequest()
#30 /home/ata/Project/kkn/index-dev.php(13): CWebApplication->run()
REQUEST_URI=/kkn/index-dev.php?r=dashboard/kelompok/index
in /home/ata/Project/kkn/protected/models/Kelompok.php (273)
in /home/ata/Project/kkn/protected/views/dashboard/kelompok/index.php (45)
in /home/ata/Project/kkn/protected/controllers/dashboard/KelompokController.php (45)
2011/04/15 11:09:37 [error] [php] Undefined variable: data (/home/ata/Project/kkn/protected/models/Kelompok.php:273)
Stack trace:
#0 /home/ata/Project/kkn/framework/base/CComponent.php(616) : eval()'d code(1): Kelompok->__get()
#1 /home/ata/Project/kkn/framework/base/CComponent.php(616): eval()
#2 /home/ata/Project/kkn/framework/zii/widgets/grid/CDataColumn.php(132): CDataColumn->evaluateExpression()
#3 /home/ata/Project/kkn/framework/zii/widgets/grid/CGridColumn.php(135): CDataColumn->renderDataCellContent()
#4 /home/ata/Project/kkn/framework/zii/widgets/grid/CGridView.php(501): CDataColumn->renderDataCell()
#5 /home/ata/Project/kkn/framework/zii/widgets/grid/CGridView.php(474): CGridView->renderTableRow()
#6 /home/ata/Project/kkn/framework/zii/widgets/grid/CGridView.php(386): CGridView->renderTableBody()
#7 /home/ata/Project/kkn/framework/zii/widgets/CBaseListView.php(158): CGridView->renderItems()
#8 unknown(0): CGridView->renderSection()
#9 /home/ata/Project/kkn/framework/zii/widgets/CBaseListView.php(141): preg_replace_callback()
#10 /home/ata/Project/kkn/framework/zii/widgets/CBaseListView.php(126): CGridView->renderContent()
#11 /home/ata/Project/kkn/framework/web/CBaseController.php(166): CGridView->run()
#12 /home/ata/Project/kkn/protected/views/dashboard/kelompok/index.php(45): KelompokController->widget()
#13 /home/ata/Project/kkn/framework/web/CBaseController.php(119): require()
#14 /home/ata/Project/kkn/framework/web/CBaseController.php(88): KelompokController->renderInternal()
#15 /home/ata/Project/kkn/framework/web/CController.php(866): KelompokController->renderFile()
#16 /home/ata/Project/kkn/framework/web/CController.php(779): KelompokController->renderPartial()
#17 /home/ata/Project/kkn/protected/controllers/dashboard/KelompokController.php(45): KelompokController->render()
#18 /home/ata/Project/kkn/framework/web/actions/CInlineAction.php(50): KelompokController->actionIndex()
#19 /home/ata/Project/kkn/framework/web/CController.php(300): CInlineAction->runWithParams()
#20 /home/ata/Project/kkn/framework/web/filters/CFilterChain.php(133): KelompokController->runAction()
#21 /home/ata/Project/kkn/framework/web/filters/CFilter.php(41): CFilterChain->run()
#22 /home/ata/Project/kkn/framework/web/CController.php(1122): CAccessControlFilter->filter()
#23 /home/ata/Project/kkn/framework/web/filters/CInlineFilter.php(59): KelompokController->filterAccessControl()
#24 /home/ata/Project/kkn/framework/web/filters/CFilterChain.php(130): CInlineFilter->filter()
#25 /home/ata/Project/kkn/framework/web/CController.php(283): CFilterChain->run()
#26 /home/ata/Project/kkn/framework/web/CController.php(257): KelompokController->runActionWithFilters()
#27 /home/ata/Project/kkn/framework/web/CWebApplication.php(328): KelompokController->run()
#28 /home/ata/Project/kkn/framework/web/CWebApplication.php(121): CWebApplication->runController()
#29 /home/ata/Project/kkn/framework/base/CApplication.php(155): CWebApplication->processRequest()
#30 /home/ata/Project/kkn/index-dev.php(13): CWebApplication->run()
REQUEST_URI=/kkn/index-dev.php?r=dashboard/kelompok/index
in /home/ata/Project/kkn/protected/models/Kelompok.php (273)
in /home/ata/Project/kkn/protected/views/dashboard/kelompok/index.php (45)
in /home/ata/Project/kkn/protected/controllers/dashboard/KelompokController.php (45)
2011/04/15 15:10:10 [error] [exception.CDbException] SQLSTATE[28000] [1045] Access denied for user 'kkn'@'localhost' (using password: YES)
2011/04/15 15:10:10 [error] [exception.CDbException] exception 'CDbException' with message 'CDbConnection gagal membuka koneksi DB' in /home/ata/Project/kkn/framework/db/CDbConnection.php:354
Stack trace:
#0 /home/ata/Project/kkn/framework/db/CDbConnection.php(297): CDbConnection->open()
#1 /home/ata/Project/kkn/framework/db/CDbConnection.php(275): CDbConnection->setActive(true)
#2 /home/ata/Project/kkn/framework/base/CModule.php(372): CDbConnection->init()
#3 /home/ata/Project/kkn/framework/base/CApplication.php(426): CModule->getComponent('db')
#4 /home/ata/Project/kkn/framework/db/ar/CActiveRecord.php(607): CApplication->getDb()
#5 /home/ata/Project/kkn/framework/db/ar/CActiveRecord.php(2236): CActiveRecord->getDbConnection()
#6 /home/ata/Project/kkn/framework/db/ar/CActiveRecord.php(371): CActiveRecordMetaData->__construct(Object(Berita))
#7 /home/ata/Project/kkn/framework/web/CActiveDataProvider.php(72): CActiveRecord::model('Berita')
#8 /home/ata/Project/kkn/protected/controllers/HomeController.php(9): CActiveDataProvider->__construct('Berita')
#9 /home/ata/Project/kkn/framework/web/actions/CInlineAction.php(50): HomeController->actionIndex()
#10 /home/ata/Project/kkn/framework/web/CController.php(300): CInlineAction->runWithParams(Array)
#11 /home/ata/Project/kkn/framework/web/CController.php(278): CController->runAction(Object(CInlineAction))
#12 /home/ata/Project/kkn/framework/web/CController.php(257): CController->runActionWithFilters(Object(CInlineAction), Array)
#13 /home/ata/Project/kkn/framework/web/CWebApplication.php(328): CController->run('')
#14 /home/ata/Project/kkn/framework/web/CWebApplication.php(121): CWebApplication->runController('')
#15 /home/ata/Project/kkn/framework/base/CApplication.php(155): CWebApplication->processRequest()
#16 /home/ata/Project/kkn/index.php(13): CApplication->run()
#17 {main} REQUEST_URI=/kkn/
2011/04/15 15:11:24 [error] [exception.CDbException] SQLSTATE[28000] [1045] Access denied for user 'kkn'@'localhost' (using password: YES)
2011/04/15 15:11:24 [error] [exception.CDbException] exception 'CDbException' with message 'CDbConnection gagal membuka koneksi DB' in /home/ata/Project/kkn/framework/db/CDbConnection.php:354
Stack trace:
#0 /home/ata/Project/kkn/framework/db/CDbConnection.php(297): CDbConnection->open()
#1 /home/ata/Project/kkn/framework/db/CDbConnection.php(275): CDbConnection->setActive(true)
#2 /home/ata/Project/kkn/framework/base/CModule.php(372): CDbConnection->init()
#3 /home/ata/Project/kkn/framework/base/CApplication.php(426): CModule->getComponent('db')
#4 /home/ata/Project/kkn/framework/db/ar/CActiveRecord.php(607): CApplication->getDb()
#5 /home/ata/Project/kkn/framework/db/ar/CActiveRecord.php(2236): CActiveRecord->getDbConnection()
#6 /home/ata/Project/kkn/framework/db/ar/CActiveRecord.php(371): CActiveRecordMetaData->__construct(Object(Berita))
#7 /home/ata/Project/kkn/framework/web/CActiveDataProvider.php(72): CActiveRecord::model('Berita')
#8 /home/ata/Project/kkn/protected/controllers/HomeController.php(9): CActiveDataProvider->__construct('Berita')
#9 /home/ata/Project/kkn/framework/web/actions/CInlineAction.php(50): HomeController->actionIndex()
#10 /home/ata/Project/kkn/framework/web/CController.php(300): CInlineAction->runWithParams(Array)
#11 /home/ata/Project/kkn/framework/web/CController.php(278): CController->runAction(Object(CInlineAction))
#12 /home/ata/Project/kkn/framework/web/CController.php(257): CController->runActionWithFilters(Object(CInlineAction), Array)
#13 /home/ata/Project/kkn/framework/web/CWebApplication.php(328): CController->run('')
#14 /home/ata/Project/kkn/framework/web/CWebApplication.php(121): CWebApplication->runController('')
#15 /home/ata/Project/kkn/framework/base/CApplication.php(155): CWebApplication->processRequest()
#16 /home/ata/Project/kkn/index.php(13): CApplication->run()
#17 {main} REQUEST_URI=/kkn/css/loading.gif
2011/04/15 15:23:15 [error] [exception.CDbException] SQLSTATE[28000] [1045] Access denied for user 'kkn'@'localhost' (using password: YES)
2011/04/15 15:23:15 [error] [exception.CDbException] exception 'CDbException' with message 'CDbConnection gagal membuka koneksi DB' in /home/ata/Project/kkn/framework/db/CDbConnection.php:354
Stack trace:
#0 /home/ata/Project/kkn/framework/db/CDbConnection.php(297): CDbConnection->open()
#1 /home/ata/Project/kkn/framework/db/CDbConnection.php(275): CDbConnection->setActive(true)
#2 /home/ata/Project/kkn/framework/base/CModule.php(372): CDbConnection->init()
#3 /home/ata/Project/kkn/framework/base/CApplication.php(426): CModule->getComponent('db')
#4 /home/ata/Project/kkn/framework/db/ar/CActiveRecord.php(607): CApplication->getDb()
#5 /home/ata/Project/kkn/framework/db/ar/CActiveRecord.php(2236): CActiveRecord->getDbConnection()
#6 /home/ata/Project/kkn/framework/db/ar/CActiveRecord.php(371): CActiveRecordMetaData->__construct(Object(Berita))
#7 /home/ata/Project/kkn/framework/web/CActiveDataProvider.php(72): CActiveRecord::model('Berita')
#8 /home/ata/Project/kkn/protected/controllers/HomeController.php(9): CActiveDataProvider->__construct('Berita')
#9 /home/ata/Project/kkn/framework/web/actions/CInlineAction.php(50): HomeController->actionIndex()
#10 /home/ata/Project/kkn/framework/web/CController.php(300): CInlineAction->runWithParams(Array)
#11 /home/ata/Project/kkn/framework/web/CController.php(278): CController->runAction(Object(CInlineAction))
#12 /home/ata/Project/kkn/framework/web/CController.php(257): CController->runActionWithFilters(Object(CInlineAction), Array)
#13 /home/ata/Project/kkn/framework/web/CWebApplication.php(328): CController->run('')
#14 /home/ata/Project/kkn/framework/web/CWebApplication.php(121): CWebApplication->runController('')
#15 /home/ata/Project/kkn/framework/base/CApplication.php(155): CWebApplication->processRequest()
#16 /home/ata/Project/kkn/index.php(13): CApplication->run()
#17 {main} REQUEST_URI=/kkn/css/loading.gif
2011/04/15 15:23:34 [error] [exception.CDbException] SQLSTATE[28000] [1045] Access denied for user 'kkn'@'localhost' (using password: YES)
2011/04/15 15:23:34 [error] [exception.CDbException] exception 'CDbException' with message 'CDbConnection gagal membuka koneksi DB' in /home/ata/Project/kkn/framework/db/CDbConnection.php:354
Stack trace:
#0 /home/ata/Project/kkn/framework/db/CDbConnection.php(297): CDbConnection->open()
#1 /home/ata/Project/kkn/framework/db/CDbConnection.php(275): CDbConnection->setActive(true)
#2 /home/ata/Project/kkn/framework/base/CModule.php(372): CDbConnection->init()
#3 /home/ata/Project/kkn/framework/base/CApplication.php(426): CModule->getComponent('db')
#4 /home/ata/Project/kkn/framework/db/ar/CActiveRecord.php(607): CApplication->getDb()
#5 /home/ata/Project/kkn/framework/db/ar/CActiveRecord.php(2236): CActiveRecord->getDbConnection()
#6 /home/ata/Project/kkn/framework/db/ar/CActiveRecord.php(371): CActiveRecordMetaData->__construct(Object(Berita))
#7 /home/ata/Project/kkn/framework/web/CActiveDataProvider.php(72): CActiveRecord::model('Berita')
#8 /home/ata/Project/kkn/protected/controllers/HomeController.php(9): CActiveDataProvider->__construct('Berita')
#9 /home/ata/Project/kkn/framework/web/actions/CInlineAction.php(50): HomeController->actionIndex()
#10 /home/ata/Project/kkn/framework/web/CController.php(300): CInlineAction->runWithParams(Array)
#11 /home/ata/Project/kkn/framework/web/CController.php(278): CController->runAction(Object(CInlineAction))
#12 /home/ata/Project/kkn/framework/web/CController.php(257): CController->runActionWithFilters(Object(CInlineAction), Array)
#13 /home/ata/Project/kkn/framework/web/CWebApplication.php(328): CController->run('')
#14 /home/ata/Project/kkn/framework/web/CWebApplication.php(121): CWebApplication->runController('')
#15 /home/ata/Project/kkn/framework/base/CApplication.php(155): CWebApplication->processRequest()
#16 /home/ata/Project/kkn/index.php(13): CApplication->run()
#17 {main} REQUEST_URI=/kkn/css/loading.gif
2011/04/18 06:49:58 [error] [exception.CDbException] SQLSTATE[28000] [1045] Access denied for user 'kkn'@'localhost' (using password: YES)
2011/04/18 06:49:58 [error] [exception.CDbException] exception 'CDbException' with message 'CDbConnection gagal membuka koneksi DB' in /home/ata/Project/kkn/framework/db/CDbConnection.php:354
Stack trace:
#0 /home/ata/Project/kkn/framework/db/CDbConnection.php(297): CDbConnection->open()
#1 /home/ata/Project/kkn/framework/db/CDbConnection.php(275): CDbConnection->setActive(true)
#2 /home/ata/Project/kkn/framework/base/CModule.php(372): CDbConnection->init()
#3 /home/ata/Project/kkn/framework/base/CApplication.php(426): CModule->getComponent('db')
#4 /home/ata/Project/kkn/framework/db/ar/CActiveRecord.php(607): CApplication->getDb()
#5 /home/ata/Project/kkn/framework/db/ar/CActiveRecord.php(2236): CActiveRecord->getDbConnection()
#6 /home/ata/Project/kkn/framework/db/ar/CActiveRecord.php(371): CActiveRecordMetaData->__construct(Object(Berita))
#7 /home/ata/Project/kkn/framework/web/CActiveDataProvider.php(72): CActiveRecord::model('Berita')
#8 /home/ata/Project/kkn/protected/controllers/HomeController.php(9): CActiveDataProvider->__construct('Berita')
#9 /home/ata/Project/kkn/framework/web/actions/CInlineAction.php(50): HomeController->actionIndex()
#10 /home/ata/Project/kkn/framework/web/CController.php(300): CInlineAction->runWithParams(Array)
#11 /home/ata/Project/kkn/framework/web/CController.php(278): CController->runAction(Object(CInlineAction))
#12 /home/ata/Project/kkn/framework/web/CController.php(257): CController->runActionWithFilters(Object(CInlineAction), Array)
#13 /home/ata/Project/kkn/framework/web/CWebApplication.php(328): CController->run('')
#14 /home/ata/Project/kkn/framework/web/CWebApplication.php(121): CWebApplication->runController('')
#15 /home/ata/Project/kkn/framework/base/CApplication.php(155): CWebApplication->processRequest()
#16 /home/ata/Project/kkn/index.php(13): CApplication->run()
#17 {main} REQUEST_URI=/kkn/
2011/04/18 06:50:34 [error] [exception.CException] exception 'CException' with message 'Properti "User.fullname" tidak didefinisikan.' in /home/ata/Project/kkn/framework/base/CComponent.php:131
Stack trace:
#0 /home/ata/Project/kkn/framework/db/ar/CActiveRecord.php(128): CComponent->__get('fullname')
#1 /home/ata/Project/kkn/protected/components/UserIdentity.php(36): CActiveRecord->__get('fullname')
#2 /home/ata/Project/kkn/protected/models/LoginForm.php(50): UserIdentity->authenticate()
#3 /home/ata/Project/kkn/framework/validators/CInlineValidator.php(39): LoginForm->authenticate('password', Array)
#4 /home/ata/Project/kkn/framework/validators/CValidator.php(192): CInlineValidator->validateAttribute(Object(LoginForm), 'password')
#5 /home/ata/Project/kkn/framework/base/CModel.php(152): CValidator->validate(Object(LoginForm), NULL)
#6 /home/ata/Project/kkn/framework/web/widgets/CActiveForm.php(745): CModel->validate(NULL)
#7 /home/ata/Project/kkn/protected/controllers/SiteController.php(85): CActiveForm::validate(Object(LoginForm))
#8 /home/ata/Project/kkn/framework/web/actions/CInlineAction.php(50): SiteController->actionLogin()
#9 /home/ata/Project/kkn/framework/web/CController.php(300): CInlineAction->runWithParams(Array)
#10 /home/ata/Project/kkn/framework/web/CController.php(278): CController->runAction(Object(CInlineAction))
#11 /home/ata/Project/kkn/framework/web/CController.php(257): CController->runActionWithFilters(Object(CInlineAction), Array)
#12 /home/ata/Project/kkn/framework/web/CWebApplication.php(328): CController->run('login')
#13 /home/ata/Project/kkn/framework/web/CWebApplication.php(121): CWebApplication->runController('site/login')
#14 /home/ata/Project/kkn/framework/base/CApplication.php(155): CWebApplication->processRequest()
#15 /home/ata/Project/kkn/index-dev.php(13): CApplication->run()
#16 {main} REQUEST_URI=/kkn/index-dev.php?r=site/login
2011/04/18 06:50:34 [error] [exception.CException] exception 'CException' with message 'Properti "User.fullname" tidak didefinisikan.' in /home/ata/Project/kkn/framework/base/CComponent.php:131
Stack trace:
#0 /home/ata/Project/kkn/framework/db/ar/CActiveRecord.php(128): CComponent->__get('fullname')
#1 /home/ata/Project/kkn/protected/components/UserIdentity.php(36): CActiveRecord->__get('fullname')
#2 /home/ata/Project/kkn/protected/models/LoginForm.php(50): UserIdentity->authenticate()
#3 /home/ata/Project/kkn/framework/validators/CInlineValidator.php(39): LoginForm->authenticate('password', Array)
#4 /home/ata/Project/kkn/framework/validators/CValidator.php(192): CInlineValidator->validateAttribute(Object(LoginForm), 'password')
#5 /home/ata/Project/kkn/framework/base/CModel.php(152): CValidator->validate(Object(LoginForm), NULL)
#6 /home/ata/Project/kkn/framework/web/widgets/CActiveForm.php(745): CModel->validate(NULL)
#7 /home/ata/Project/kkn/protected/controllers/SiteController.php(85): CActiveForm::validate(Object(LoginForm))
#8 /home/ata/Project/kkn/framework/web/actions/CInlineAction.php(50): SiteController->actionLogin()
#9 /home/ata/Project/kkn/framework/web/CController.php(300): CInlineAction->runWithParams(Array)
#10 /home/ata/Project/kkn/framework/web/CController.php(278): CController->runAction(Object(CInlineAction))
#11 /home/ata/Project/kkn/framework/web/CController.php(257): CController->runActionWithFilters(Object(CInlineAction), Array)
#12 /home/ata/Project/kkn/framework/web/CWebApplication.php(328): CController->run('login')
#13 /home/ata/Project/kkn/framework/web/CWebApplication.php(121): CWebApplication->runController('site/login')
#14 /home/ata/Project/kkn/framework/base/CApplication.php(155): CWebApplication->processRequest()
#15 /home/ata/Project/kkn/index-dev.php(13): CApplication->run()
#16 {main} REQUEST_URI=/kkn/index-dev.php?r=site/login
2011/04/18 06:50:42 [error] [exception.CException] exception 'CException' with message 'Properti "User.fullname" tidak didefinisikan.' in /home/ata/Project/kkn/framework/base/CComponent.php:131
Stack trace:
#0 /home/ata/Project/kkn/framework/db/ar/CActiveRecord.php(128): CComponent->__get('fullname')
#1 /home/ata/Project/kkn/protected/components/UserIdentity.php(36): CActiveRecord->__get('fullname')
#2 /home/ata/Project/kkn/protected/models/LoginForm.php(50): UserIdentity->authenticate()
#3 /home/ata/Project/kkn/framework/validators/CInlineValidator.php(39): LoginForm->authenticate('password', Array)
#4 /home/ata/Project/kkn/framework/validators/CValidator.php(192): CInlineValidator->validateAttribute(Object(LoginForm), 'password')
#5 /home/ata/Project/kkn/framework/base/CModel.php(152): CValidator->validate(Object(LoginForm), NULL)
#6 /home/ata/Project/kkn/framework/web/widgets/CActiveForm.php(745): CModel->validate(NULL)
#7 /home/ata/Project/kkn/protected/controllers/SiteController.php(85): CActiveForm::validate(Object(LoginForm))
#8 /home/ata/Project/kkn/framework/web/actions/CInlineAction.php(50): SiteController->actionLogin()
#9 /home/ata/Project/kkn/framework/web/CController.php(300): CInlineAction->runWithParams(Array)
#10 /home/ata/Project/kkn/framework/web/CController.php(278): CController->runAction(Object(CInlineAction))
#11 /home/ata/Project/kkn/framework/web/CController.php(257): CController->runActionWithFilters(Object(CInlineAction), Array)
#12 /home/ata/Project/kkn/framework/web/CWebApplication.php(328): CController->run('login')
#13 /home/ata/Project/kkn/framework/web/CWebApplication.php(121): CWebApplication->runController('site/login')
#14 /home/ata/Project/kkn/framework/base/CApplication.php(155): CWebApplication->processRequest()
#15 /home/ata/Project/kkn/index-dev.php(13): CApplication->run()
#16 {main} REQUEST_URI=/kkn/index-dev.php?r=site/login
2011/04/18 06:50:42 [error] [exception.CException] exception 'CException' with message 'Properti "User.fullname" tidak didefinisikan.' in /home/ata/Project/kkn/framework/base/CComponent.php:131
Stack trace:
#0 /home/ata/Project/kkn/framework/db/ar/CActiveRecord.php(128): CComponent->__get('fullname')
#1 /home/ata/Project/kkn/protected/components/UserIdentity.php(36): CActiveRecord->__get('fullname')
#2 /home/ata/Project/kkn/protected/models/LoginForm.php(50): UserIdentity->authenticate()
#3 /home/ata/Project/kkn/framework/validators/CInlineValidator.php(39): LoginForm->authenticate('password', Array)
#4 /home/ata/Project/kkn/framework/validators/CValidator.php(192): CInlineValidator->validateAttribute(Object(LoginForm), 'password')
#5 /home/ata/Project/kkn/framework/base/CModel.php(152): CValidator->validate(Object(LoginForm), NULL)
#6 /home/ata/Project/kkn/framework/web/widgets/CActiveForm.php(745): CModel->validate(NULL)
#7 /home/ata/Project/kkn/protected/controllers/SiteController.php(85): CActiveForm::validate(Object(LoginForm))
#8 /home/ata/Project/kkn/framework/web/actions/CInlineAction.php(50): SiteController->actionLogin()
#9 /home/ata/Project/kkn/framework/web/CController.php(300): CInlineAction->runWithParams(Array)
#10 /home/ata/Project/kkn/framework/web/CController.php(278): CController->runAction(Object(CInlineAction))
#11 /home/ata/Project/kkn/framework/web/CController.php(257): CController->runActionWithFilters(Object(CInlineAction), Array)
#12 /home/ata/Project/kkn/framework/web/CWebApplication.php(328): CController->run('login')
#13 /home/ata/Project/kkn/framework/web/CWebApplication.php(121): CWebApplication->runController('site/login')
#14 /home/ata/Project/kkn/framework/base/CApplication.php(155): CWebApplication->processRequest()
#15 /home/ata/Project/kkn/index-dev.php(13): CApplication->run()
#16 {main} REQUEST_URI=/kkn/index-dev.php?r=site/login
2011/04/18 06:50:43 [error] [exception.CException] exception 'CException' with message 'Properti "User.fullname" tidak didefinisikan.' in /home/ata/Project/kkn/framework/base/CComponent.php:131
Stack trace:
#0 /home/ata/Project/kkn/framework/db/ar/CActiveRecord.php(128): CComponent->__get('fullname')
#1 /home/ata/Project/kkn/protected/components/UserIdentity.php(36): CActiveRecord->__get('fullname')
#2 /home/ata/Project/kkn/protected/models/LoginForm.php(50): UserIdentity->authenticate()
#3 /home/ata/Project/kkn/framework/validators/CInlineValidator.php(39): LoginForm->authenticate('password', Array)
#4 /home/ata/Project/kkn/framework/validators/CValidator.php(192): CInlineValidator->validateAttribute(Object(LoginForm), 'password')
#5 /home/ata/Project/kkn/framework/base/CModel.php(152): CValidator->validate(Object(LoginForm), NULL)
#6 /home/ata/Project/kkn/framework/web/widgets/CActiveForm.php(745): CModel->validate(NULL)
#7 /home/ata/Project/kkn/protected/controllers/SiteController.php(85): CActiveForm::validate(Object(LoginForm))
#8 /home/ata/Project/kkn/framework/web/actions/CInlineAction.php(50): SiteController->actionLogin()
#9 /home/ata/Project/kkn/framework/web/CController.php(300): CInlineAction->runWithParams(Array)
#10 /home/ata/Project/kkn/framework/web/CController.php(278): CController->runAction(Object(CInlineAction))
#11 /home/ata/Project/kkn/framework/web/CController.php(257): CController->runActionWithFilters(Object(CInlineAction), Array)
#12 /home/ata/Project/kkn/framework/web/CWebApplication.php(328): CController->run('login')
#13 /home/ata/Project/kkn/framework/web/CWebApplication.php(121): CWebApplication->runController('site/login')
#14 /home/ata/Project/kkn/framework/base/CApplication.php(155): CWebApplication->processRequest()
#15 /home/ata/Project/kkn/index-dev.php(13): CApplication->run()
#16 {main} REQUEST_URI=/kkn/index-dev.php?r=site/login
2011/04/18 06:50:43 [error] [exception.CException] exception 'CException' with message 'Properti "User.fullname" tidak didefinisikan.' in /home/ata/Project/kkn/framework/base/CComponent.php:131
Stack trace:
#0 /home/ata/Project/kkn/framework/db/ar/CActiveRecord.php(128): CComponent->__get('fullname')
#1 /home/ata/Project/kkn/protected/components/UserIdentity.php(36): CActiveRecord->__get('fullname')
#2 /home/ata/Project/kkn/protected/models/LoginForm.php(50): UserIdentity->authenticate()
#3 /home/ata/Project/kkn/framework/validators/CInlineValidator.php(39): LoginForm->authenticate('password', Array)
#4 /home/ata/Project/kkn/framework/validators/CValidator.php(192): CInlineValidator->validateAttribute(Object(LoginForm), 'password')
#5 /home/ata/Project/kkn/framework/base/CModel.php(152): CValidator->validate(Object(LoginForm), NULL)
#6 /home/ata/Project/kkn/framework/web/widgets/CActiveForm.php(745): CModel->validate(NULL)
#7 /home/ata/Project/kkn/protected/controllers/SiteController.php(85): CActiveForm::validate(Object(LoginForm))
#8 /home/ata/Project/kkn/framework/web/actions/CInlineAction.php(50): SiteController->actionLogin()
#9 /home/ata/Project/kkn/framework/web/CController.php(300): CInlineAction->runWithParams(Array)
#10 /home/ata/Project/kkn/framework/web/CController.php(278): CController->runAction(Object(CInlineAction))
#11 /home/ata/Project/kkn/framework/web/CController.php(257): CController->runActionWithFilters(Object(CInlineAction), Array)
#12 /home/ata/Project/kkn/framework/web/CWebApplication.php(328): CController->run('login')
#13 /home/ata/Project/kkn/framework/web/CWebApplication.php(121): CWebApplication->runController('site/login')
#14 /home/ata/Project/kkn/framework/base/CApplication.php(155): CWebApplication->processRequest()
#15 /home/ata/Project/kkn/index-dev.php(13): CApplication->run()
#16 {main} REQUEST_URI=/kkn/index-dev.php?r=site/login
2011/04/18 06:51:16 [error] [exception.CException] exception 'CException' with message 'Properti "User.fullname" tidak didefinisikan.' in /home/ata/Project/kkn/framework/base/CComponent.php:131
Stack trace:
#0 /home/ata/Project/kkn/framework/db/ar/CActiveRecord.php(128): CComponent->__get('fullname')
#1 /home/ata/Project/kkn/protected/components/UserIdentity.php(36): CActiveRecord->__get('fullname')
#2 /home/ata/Project/kkn/protected/models/LoginForm.php(50): UserIdentity->authenticate()
#3 /home/ata/Project/kkn/framework/validators/CInlineValidator.php(39): LoginForm->authenticate('password', Array)
#4 /home/ata/Project/kkn/framework/validators/CValidator.php(192): CInlineValidator->validateAttribute(Object(LoginForm), 'password')
#5 /home/ata/Project/kkn/framework/base/CModel.php(152): CValidator->validate(Object(LoginForm), NULL)
#6 /home/ata/Project/kkn/framework/web/widgets/CActiveForm.php(745): CModel->validate(NULL)
#7 /home/ata/Project/kkn/protected/controllers/SiteController.php(85): CActiveForm::validate(Object(LoginForm))
#8 /home/ata/Project/kkn/framework/web/actions/CInlineAction.php(50): SiteController->actionLogin()
#9 /home/ata/Project/kkn/framework/web/CController.php(300): CInlineAction->runWithParams(Array)
#10 /home/ata/Project/kkn/framework/web/CController.php(278): CController->runAction(Object(CInlineAction))
#11 /home/ata/Project/kkn/framework/web/CController.php(257): CController->runActionWithFilters(Object(CInlineAction), Array)
#12 /home/ata/Project/kkn/framework/web/CWebApplication.php(328): CController->run('login')
#13 /home/ata/Project/kkn/framework/web/CWebApplication.php(121): CWebApplication->runController('site/login')
#14 /home/ata/Project/kkn/framework/base/CApplication.php(155): CWebApplication->processRequest()
#15 /home/ata/Project/kkn/index-dev.php(13): CApplication->run()
#16 {main} REQUEST_URI=/kkn/index-dev.php?r=site/login
2011/04/18 06:51:16 [error] [exception.CException] exception 'CException' with message 'Properti "User.fullname" tidak didefinisikan.' in /home/ata/Project/kkn/framework/base/CComponent.php:131
Stack trace:
#0 /home/ata/Project/kkn/framework/db/ar/CActiveRecord.php(128): CComponent->__get('fullname')
#1 /home/ata/Project/kkn/protected/components/UserIdentity.php(36): CActiveRecord->__get('fullname')
#2 /home/ata/Project/kkn/protected/models/LoginForm.php(50): UserIdentity->authenticate()
#3 /home/ata/Project/kkn/framework/validators/CInlineValidator.php(39): LoginForm->authenticate('password', Array)
#4 /home/ata/Project/kkn/framework/validators/CValidator.php(192): CInlineValidator->validateAttribute(Object(LoginForm), 'password')
#5 /home/ata/Project/kkn/framework/base/CModel.php(152): CValidator->validate(Object(LoginForm), NULL)
#6 /home/ata/Project/kkn/framework/web/widgets/CActiveForm.php(745): CModel->validate(NULL)
#7 /home/ata/Project/kkn/protected/controllers/SiteController.php(85): CActiveForm::validate(Object(LoginForm))
#8 /home/ata/Project/kkn/framework/web/actions/CInlineAction.php(50): SiteController->actionLogin()
#9 /home/ata/Project/kkn/framework/web/CController.php(300): CInlineAction->runWithParams(Array)
#10 /home/ata/Project/kkn/framework/web/CController.php(278): CController->runAction(Object(CInlineAction))
#11 /home/ata/Project/kkn/framework/web/CController.php(257): CController->runActionWithFilters(Object(CInlineAction), Array)
#12 /home/ata/Project/kkn/framework/web/CWebApplication.php(328): CController->run('login')
#13 /home/ata/Project/kkn/framework/web/CWebApplication.php(121): CWebApplication->runController('site/login')
#14 /home/ata/Project/kkn/framework/base/CApplication.php(155): CWebApplication->processRequest()
#15 /home/ata/Project/kkn/index-dev.php(13): CApplication->run()
#16 {main} REQUEST_URI=/kkn/index-dev.php?r=site/login
2011/04/18 06:52:08 [error] [exception.CException] exception 'CException' with message 'Properti "Kelompok.maxPeremuan" tidak didefinisikan.' in /home/ata/Project/kkn/framework/base/CComponent.php:131
Stack trace:
#0 /home/ata/Project/kkn/framework/db/ar/CActiveRecord.php(128): CComponent->__get('maxPeremuan')
#1 /home/ata/Project/kkn/framework/web/helpers/CHtml.php(1697): CActiveRecord->__get('maxPeremuan')
#2 /home/ata/Project/kkn/framework/zii/widgets/CDetailView.php(208): CHtml::value(Object(Kelompok), 'maxPeremuan')
#3 /home/ata/Project/kkn/framework/web/CBaseController.php(166): CDetailView->run()
#4 /home/ata/Project/kkn/protected/views/admin/kelompok/view.php(50): CBaseController->widget('zii.widgets.CDe...', Array)
#5 /home/ata/Project/kkn/framework/web/CBaseController.php(119): require('/home/ata/Proje...')
#6 /home/ata/Project/kkn/framework/web/CBaseController.php(88): CBaseController->renderInternal('/home/ata/Proje...', Array, true)
#7 /home/ata/Project/kkn/framework/web/CController.php(866): CBaseController->renderFile('/home/ata/Proje...', Array, true)
#8 /home/ata/Project/kkn/framework/web/CController.php(779): CController->renderPartial('view', Array, true)
#9 /home/ata/Project/kkn/protected/controllers/admin/KelompokController.php(42): CController->render('view', Array)
#10 /home/ata/Project/kkn/framework/web/actions/CInlineAction.php(50): KelompokController->actionView()
#11 /home/ata/Project/kkn/framework/web/CController.php(300): CInlineAction->runWithParams(Array)
#12 /home/ata/Project/kkn/framework/web/filters/CFilterChain.php(133): CController->runAction(Object(CInlineAction))
#13 /home/ata/Project/kkn/framework/web/filters/CFilter.php(41): CFilterChain->run()
#14 /home/ata/Project/kkn/framework/web/CController.php(1122): CFilter->filter(Object(CFilterChain))
#15 /home/ata/Project/kkn/framework/web/filters/CInlineFilter.php(59): CController->filterAccessControl(Object(CFilterChain))
#16 /home/ata/Project/kkn/framework/web/filters/CFilterChain.php(130): CInlineFilter->filter(Object(CFilterChain))
#17 /home/ata/Project/kkn/framework/web/CController.php(283): CFilterChain->run()
#18 /home/ata/Project/kkn/framework/web/CController.php(257): CController->runActionWithFilters(Object(CInlineAction), Array)
#19 /home/ata/Project/kkn/framework/web/CWebApplication.php(328): CController->run('view')
#20 /home/ata/Project/kkn/framework/web/CWebApplication.php(121): CWebApplication->runController('admin/kelompok/...')
#21 /home/ata/Project/kkn/framework/base/CApplication.php(155): CWebApplication->processRequest()
#22 /home/ata/Project/kkn/index-dev.php(13): CApplication->run()
#23 {main} REQUEST_URI=/kkn/index-dev.php?r=admin/kelompok/view&id=2
2011/04/18 06:52:08 [error] [exception.CException] exception 'CException' with message 'Properti "Kelompok.maxPeremuan" tidak didefinisikan.' in /home/ata/Project/kkn/framework/base/CComponent.php:131
Stack trace:
#0 /home/ata/Project/kkn/framework/db/ar/CActiveRecord.php(128): CComponent->__get('maxPeremuan')
#1 /home/ata/Project/kkn/framework/web/helpers/CHtml.php(1697): CActiveRecord->__get('maxPeremuan')
#2 /home/ata/Project/kkn/framework/zii/widgets/CDetailView.php(208): CHtml::value(Object(Kelompok), 'maxPeremuan')
#3 /home/ata/Project/kkn/framework/web/CBaseController.php(166): CDetailView->run()
#4 /home/ata/Project/kkn/protected/views/admin/kelompok/view.php(50): CBaseController->widget('zii.widgets.CDe...', Array)
#5 /home/ata/Project/kkn/framework/web/CBaseController.php(119): require('/home/ata/Proje...')
#6 /home/ata/Project/kkn/framework/web/CBaseController.php(88): CBaseController->renderInternal('/home/ata/Proje...', Array, true)
#7 /home/ata/Project/kkn/framework/web/CController.php(866): CBaseController->renderFile('/home/ata/Proje...', Array, true)
#8 /home/ata/Project/kkn/framework/web/CController.php(779): CController->renderPartial('view', Array, true)
#9 /home/ata/Project/kkn/protected/controllers/admin/KelompokController.php(42): CController->render('view', Array)
#10 /home/ata/Project/kkn/framework/web/actions/CInlineAction.php(50): KelompokController->actionView()
#11 /home/ata/Project/kkn/framework/web/CController.php(300): CInlineAction->runWithParams(Array)
#12 /home/ata/Project/kkn/framework/web/filters/CFilterChain.php(133): CController->runAction(Object(CInlineAction))
#13 /home/ata/Project/kkn/framework/web/filters/CFilter.php(41): CFilterChain->run()
#14 /home/ata/Project/kkn/framework/web/CController.php(1122): CFilter->filter(Object(CFilterChain))
#15 /home/ata/Project/kkn/framework/web/filters/CInlineFilter.php(59): CController->filterAccessControl(Object(CFilterChain))
#16 /home/ata/Project/kkn/framework/web/filters/CFilterChain.php(130): CInlineFilter->filter(Object(CFilterChain))
#17 /home/ata/Project/kkn/framework/web/CController.php(283): CFilterChain->run()
#18 /home/ata/Project/kkn/framework/web/CController.php(257): CController->runActionWithFilters(Object(CInlineAction), Array)
#19 /home/ata/Project/kkn/framework/web/CWebApplication.php(328): CController->run('view')
#20 /home/ata/Project/kkn/framework/web/CWebApplication.php(121): CWebApplication->runController('admin/kelompok/...')
#21 /home/ata/Project/kkn/framework/base/CApplication.php(155): CWebApplication->processRequest()
#22 /home/ata/Project/kkn/index-dev.php(13): CApplication->run()
#23 {main} REQUEST_URI=/kkn/index-dev.php?r=admin/kelompok/view&id=2
